#
# A fatal error has been detected by the Java Runtime Environment:
#
#  EXCEPTION_ACCESS_VIOLATION (0xc0000005) at pc=0x027f0445, pid=3680, tid=5916
#
# JRE version: Java(TM) SE Runtime Environment (7.0_51-b13) (build 1.7.0_51-b13)
# Java VM: Java HotSpot(TM) Client VM (24.51-b03 mixed mode, sharing windows-x86 )
# Problematic frame:
# J  java.lang.String.equals(Ljava/lang/Object;)Z
#
# Failed to write core dump. Minidumps are not enabled by default on client versions of Windows
#
# If you would like to submit a bug report, please visit:
#   http://bugreport.sun.com/bugreport/crash.jsp
#

---------------  T H R E A D  ---------------

Current thread (0x0517d800):  JavaThread "AWT-EventQueue-0" [_thread_in_Java, id=5916, stack(0x05df0000,0x05e40000)]

siginfo: ExceptionCode=0xc0000005, writing address 0xffffffff

Registers:
EAX=0x24729558, EBX=0x0000001e, ECX=0x00000064, EDX=0xffffffff
ESP=0x05e3e070, EBP=0x05e3e1ec, ESI=0x3864d710, EDI=0x00000000
EIP=0x027f0445, EFLAGS=0x00010206

Top of Stack: (sp=0x05e3e070)
0x05e3e070:   00000000 298061d8 24729110 02843f34
0x05e3e080:   ba3b937f 00000001 24729540 02871688
0x05e3e090:   00000000 00000000 05e3e1ec 028417d4
0x05e3e0a0:   29831740 02869996 05e3e1a4 0286fe90
0x05e3e0b0:   29806198 298061d8 24729540 02813d8c
0x05e3e0c0:   00000000 2981f340 24729540 2982bef0
0x05e3e0d0:   7c3ab652 00000001 29806198 29831c80
0x05e3e0e0:   29831c80 02869996 05e3e1ec 02869670 

Instructions: (pc=0x027f0445)
0x027f0425:   eb c5 b8 00 00 00 00 83 c4 28 5d 85 05 00 01 12
0x027f0435:   00 c3 b8 01 00 00 00 83 c4 28 5d 85 05 00 01 12
0x027f0445:   00 c3 b8 00 00 00 00 83 c4 28 5d 85 05 00 01 12
0x027f0455:   00 c3 b8 01 00 00 00 83 c4 28 5d 85 05 00 01 12 


Register to memory mapping:

EAX=
[error occurred during error reporting (printing register info), id 0xc0000005]

Stack: [0x05df0000,0x05e40000],  sp=0x05e3e070,  free space=312k
Native frames: (J=compiled Java code, j=interpreted, Vv=VM code, C=native code)
J  java.lang.String.equals(Ljava/lang/Object;)Z
j  javax.swing.UIManager.getColor(Ljava/lang/Object;)Ljava/awt/Color;+4
j  javax.swing.plaf.basic.BasicMenuItemUI.installDefaults()V+462
j  javax.swing.plaf.basic.BasicMenuItemUI.installUI(Ljavax/swing/JComponent;)V+9
j  javax.swing.JComponent.setUI(Ljavax/swing/plaf/ComponentUI;)V+39
j  javax.swing.AbstractButton.setUI(Ljavax/swing/plaf/ButtonUI;)V+2
j  javax.swing.JMenuItem.setUI(Ljavax/swing/plaf/MenuItemUI;)V+2
j  javax.swing.JMenuItem.updateUI()V+8
j  javax.swing.JMenuItem.init(Ljava/lang/String;Ljavax/swing/Icon;)V+57
j  javax.swing.JMenuItem.<init>(Ljava/lang/String;Ljavax/swing/Icon;)V+23
j  javax.swing.JMenuItem.<init>(Ljava/lang/String;)V+6
j  org.jfree.chart.ChartPanel.createPopupMenu(ZZZZ)Ljavax/swing/JPopupMenu;+91
j  org.jfree.chart.ChartPanel.<init>(Lorg/jfree/chart/JFreeChart;IIIIIIZZZZZZ)V+176
j  org.jfree.chart.ChartPanel.<init>(Lorg/jfree/chart/JFreeChart;)V+26
j  controllers.mainmenu.dashboardPanel()V+784
j  views.DASHBOARD.<init>()V+39
j  views.LOGIN.jLabel3MouseClicked(Ljava/awt/event/MouseEvent;)V+113
j  views.LOGIN.access$100(Lviews/LOGIN;Ljava/awt/event/MouseEvent;)V+2
j  views.LOGIN$2.mouseClicked(Ljava/awt/event/MouseEvent;)V+5
j  java.awt.Component.processMouseEvent(Ljava/awt/event/MouseEvent;)V+74
j  javax.swing.JComponent.processMouseEvent(Ljava/awt/event/MouseEvent;)V+23
j  java.awt.Component.processEvent(Ljava/awt/AWTEvent;)V+81
j  java.awt.Container.processEvent(Ljava/awt/AWTEvent;)V+18
j  java.awt.Component.dispatchEventImpl(Ljava/awt/AWTEvent;)V+581
j  java.awt.Container.dispatchEventImpl(Ljava/awt/AWTEvent;)V+42
j  java.awt.Component.dispatchEvent(Ljava/awt/AWTEvent;)V+2
j  java.awt.LightweightDispatcher.retargetMouseEvent(Ljava/awt/Component;ILjava/awt/event/MouseEvent;)V+327
j  java.awt.LightweightDispatcher.processMouseEvent(Ljava/awt/event/MouseEvent;)Z+157
j  java.awt.LightweightDispatcher.dispatchEvent(Ljava/awt/AWTEvent;)Z+50
j  java.awt.Container.dispatchEventImpl(Ljava/awt/AWTEvent;)V+12
j  java.awt.Window.dispatchEventImpl(Ljava/awt/AWTEvent;)V+19
j  java.awt.Component.dispatchEvent(Ljava/awt/AWTEvent;)V+2
j  java.awt.EventQueue.dispatchEventImpl(Ljava/awt/AWTEvent;Ljava/lang/Object;)V+41
j  java.awt.EventQueue.access$200(Ljava/awt/EventQueue;Ljava/awt/AWTEvent;Ljava/lang/Object;)V+3
j  java.awt.EventQueue$3.run()Ljava/lang/Void;+12
j  java.awt.EventQueue$3.run()Ljava/lang/Object;+1
v  ~StubRoutines::call_stub
V  [jvm.dll+0x13f35a]
V  [jvm.dll+0x202c6e]
V  [jvm.dll+0x13f3dd]
V  [jvm.dll+0xfa85a]
C  [java.dll+0x102f]
j  java.security.ProtectionDomain$1.doIntersectionPrivilege(Ljava/security/PrivilegedAction;Ljava/security/AccessControlContext;Ljava/security/AccessControlContext;)Ljava/lang/Object;+28
j  java.security.ProtectionDomain$1.doIntersectionPrivilege(Ljava/security/PrivilegedAction;Ljava/security/AccessControlContext;)Ljava/lang/Object;+6
j  java.awt.EventQueue$4.run()Ljava/lang/Void;+11
j  java.awt.EventQueue$4.run()Ljava/lang/Object;+1
v  ~StubRoutines::call_stub
V  [jvm.dll+0x13f35a]
V  [jvm.dll+0x202c6e]
V  [jvm.dll+0x13f3dd]
V  [jvm.dll+0xfa85a]
C  [java.dll+0x102f]
j  java.security.ProtectionDomain$1.doIntersectionPrivilege(Ljava/security/PrivilegedAction;Ljava/security/AccessControlContext;Ljava/security/AccessControlContext;)Ljava/lang/Object;+28
j  java.awt.EventQueue.dispatchEvent(Ljava/awt/AWTEvent;)V+73
j  java.awt.EventDispatchThread.pumpOneEventForFilters(I)V+245
j  java.awt.EventDispatchThread.pumpEventsForFilter(ILjava/awt/Conditional;Ljava/awt/EventFilter;)V+35
j  java.awt.EventDispatchThread.pumpEventsForHierarchy(ILjava/awt/Conditional;Ljava/awt/Component;)V+11
j  java.awt.EventDispatchThread.pumpEvents(ILjava/awt/Conditional;)V+4
j  java.awt.EventDispatchThread.pumpEvents(Ljava/awt/Conditional;)V+3
j  java.awt.EventDispatchThread.run()V+9
v  ~StubRoutines::call_stub
V  [jvm.dll+0x13f35a]
V  [jvm.dll+0x202c6e]
V  [jvm.dll+0x13f525]
V  [jvm.dll+0x13f587]
V  [jvm.dll+0xeb81f]
V  [jvm.dll+0x16059c]
V  [jvm.dll+0x160fd7]
V  [jvm.dll+0x1a4b79]
C  [msvcr100.dll+0x5c556]
C  [msvcr100.dll+0x5c600]
C  [kernel32.dll+0x133ca]
C  [ntdll.dll+0x39ed2]
C  [ntdll.dll+0x39ea5]


---------------  P R O C E S S  ---------------

Java Threads: ( => current thread )
  0x051e3800 JavaThread "Image Fetcher 1" daemon [_thread_blocked, id=4972, stack(0x06ab0000,0x06b00000)]
  0x05328800 JavaThread "Image Fetcher 0" daemon [_thread_blocked, id=5540, stack(0x067e0000,0x06830000)]
  0x052e8c00 JavaThread "Abandoned connection cleanup thread" daemon [_thread_blocked, id=3192, stack(0x06680000,0x066d0000)]
  0x052ddc00 JavaThread "TimerQueue" daemon [_thread_blocked, id=7004, stack(0x06620000,0x06670000)]
  0x0014e400 JavaThread "DestroyJavaVM" [_thread_blocked, id=2484, stack(0x01200000,0x01250000)]
=>0x0517d800 JavaThread "AWT-EventQueue-0" [_thread_in_Java, id=5916, stack(0x05df0000,0x05e40000)]
  0x05178000 JavaThread "AWT-Windows" daemon [_thread_in_native, id=3928, stack(0x054e0000,0x05530000)]
  0x05117400 JavaThread "AWT-Shutdown" [_thread_blocked, id=1388, stack(0x056d0000,0x05720000)]
  0x05114800 JavaThread "Java2D Disposer" daemon [_thread_blocked, id=6988, stack(0x04c00000,0x04c50000)]
  0x010da000 JavaThread "Service Thread" daemon [_thread_blocked, id=5428, stack(0x04d40000,0x04d90000)]
  0x010d5000 JavaThread "C1 CompilerThread0" daemon [_thread_blocked, id=3440, stack(0x04a70000,0x04ac0000)]
  0x010d3c00 JavaThread "Attach Listener" daemon [_thread_blocked, id=7012, stack(0x04c60000,0x04cb0000)]
  0x010d0800 JavaThread "Signal Dispatcher" daemon [_thread_blocked, id=4788, stack(0x04b60000,0x04bb0000)]
  0x01062000 JavaThread "Finalizer" daemon [_thread_blocked, id=6512, stack(0x04920000,0x04970000)]
  0x01060800 JavaThread "Reference Handler" daemon [_thread_blocked, id=6960, stack(0x04a10000,0x04a60000)]

Other Threads:
  0x0105ec00 VMThread [stack: 0x04820000,0x04870000] [id=5732]
  0x010e4000 WatcherThread [stack: 0x04e90000,0x04ee0000] [id=5496]

VM state:not at safepoint (normal execution)

VM Mutex/Monitor currently owned by a thread: None

Heap
 def new generation   total 8576K, used 5152K [0x24230000, 0x24b70000, 0x29780000)
  eden space 7680K,  67% used [0x24230000, 0x24738310, 0x249b0000)
  from space 896K,   0% used [0x249b0000, 0x249b0000, 0x24a90000)
  to   space 896K,   0% used [0x24a90000, 0x24a90000, 0x24b70000)
 tenured generation   total 18880K, used 11327K [0x29780000, 0x2a9f0000, 0x34230000)
   the space 18880K,  59% used [0x29780000, 0x2a28fec0, 0x2a290000, 0x2a9f0000)
 compacting perm gen  total 12288K, used 3959K [0x34230000, 0x34e30000, 0x38230000)
   the space 12288K,  32% used [0x34230000, 0x3460df60, 0x3460e000, 0x34e30000)
    ro space 10240K,  44% used [0x38230000, 0x386a7e30, 0x386a8000, 0x38c30000)
    rw space 12288K,  52% used [0x38c30000, 0x3927eb58, 0x3927ec00, 0x39830000)

Card table byte_map: [0x01250000,0x01300000] byte_map_base: 0x0112ee80

Polling page: 0x00120000

Code Cache  [0x02760000, 0x028a0000, 0x04760000)
 total_blobs=696 nmethods=445 adapters=188 free_code_cache=31511Kb largest_free_block=32267392

Compilation events (10 events):
Event: 9.932 Thread 0x010d5000  442             java.nio.DirectLongBufferU::get (16 bytes)
Event: 9.932 Thread 0x010d5000 nmethod 442 0x02898d88 code [0x02898e80, 0x02898f30]
Event: 9.944 Thread 0x010d5000  444             java.util.zip.ZipFile::access$000 (5 bytes)
Event: 9.944 Thread 0x010d5000 nmethod 444 0x02899148 code [0x02899240, 0x028992b0]
Event: 9.946 Thread 0x010d5000  445   !         javax.swing.JComponent::revalidate (76 bytes)
Event: 9.947 Thread 0x010d5000 nmethod 445 0x02899308 code [0x028994d0, 0x028999a8]
Event: 9.947 Thread 0x010d5000  446             com.sun.java.swing.plaf.windows.DesktopProperty::createValue (43 bytes)
Event: 9.947 Thread 0x010d5000 nmethod 446 0x02899e48 code [0x02899f60, 0x0289a074]
Event: 9.948 Thread 0x010d5000  447             java.awt.Component::isShowing (38 bytes)
Event: 9.949 Thread 0x010d5000 nmethod 447 0x0289a148 code [0x0289a250, 0x0289a33c]

GC Heap History (10 events):
Event: 0.613 GC heap before
{Heap before GC invocations=2 (full 0):
 def new generation   total 4928K, used 4475K [0x24230000, 0x24780000, 0x29780000)
  eden space 4416K, 100% used [0x24230000, 0x24680000, 0x24680000)
  from space 512K,  11% used [0x24680000, 0x2468eda8, 0x24700000)
  to   space 512K,   0% used [0x24700000, 0x24700000, 0x24780000)
 tenured generation   total 10944K, used 5543K [0x29780000, 0x2a230000, 0x34230000)
   the space 10944K,  50% used [0x29780000, 0x29ce9ea8, 0x29cea000, 0x2a230000)
 compacting perm gen  total 12288K, used 916K [0x34230000, 0x34e30000, 0x38230000)
   the space 12288K,   7% used [0x34230000, 0x34315218, 0x34315400, 0x34e30000)
    ro space 10240K,  44% used [0x38230000, 0x386a7e30, 0x386a8000, 0x38c30000)
    rw space 12288K,  52% used [0x38c30000, 0x3927eb58, 0x3927ec00, 0x39830000)
Event: 0.615 GC heap after
Heap after GC invocations=3 (full 0):
 def new generation   total 4928K, used 328K [0x24230000, 0x24780000, 0x29780000)
  eden space 4416K,   0% used [0x24230000, 0x24230000, 0x24680000)
  from space 512K,  64% used [0x24700000, 0x24752118, 0x24780000)
  to   space 512K,   0% used [0x24680000, 0x24680000, 0x24700000)
 tenured generation   total 10944K, used 5543K [0x29780000, 0x2a230000, 0x34230000)
   the space 10944K,  50% used [0x29780000, 0x29ce9ea8, 0x29cea000, 0x2a230000)
 compacting perm gen  total 12288K, used 916K [0x34230000, 0x34e30000, 0x38230000)
   the space 12288K,   7% used [0x34230000, 0x34315218, 0x34315400, 0x34e30000)
    ro space 10240K,  44% used [0x38230000, 0x386a7e30, 0x386a8000, 0x38c30000)
    rw space 12288K,  52% used [0x38c30000, 0x3927eb58, 0x3927ec00, 0x39830000)
}
Event: 9.409 GC heap before
{Heap before GC invocations=3 (full 0):
 def new generation   total 4928K, used 4744K [0x24230000, 0x24780000, 0x29780000)
  eden space 4416K, 100% used [0x24230000, 0x24680000, 0x24680000)
  from space 512K,  64% used [0x24700000, 0x24752118, 0x24780000)
  to   space 512K,   0% used [0x24680000, 0x24680000, 0x24700000)
 tenured generation   total 10944K, used 5543K [0x29780000, 0x2a230000, 0x34230000)
   the space 10944K,  50% used [0x29780000, 0x29ce9ea8, 0x29cea000, 0x2a230000)
 compacting perm gen  total 12288K, used 1298K [0x34230000, 0x34e30000, 0x38230000)
   the space 12288K,  10% used [0x34230000, 0x34374998, 0x34374a00, 0x34e30000)
    ro space 10240K,  44% used [0x38230000, 0x386a7e30, 0x386a8000, 0x38c30000)
    rw space 12288K,  52% used [0x38c30000, 0x3927eb58, 0x3927ec00, 0x39830000)
Event: 9.415 GC heap after
Heap after GC invocations=4 (full 0):
 def new generation   total 4928K, used 305K [0x24230000, 0x24780000, 0x29780000)
  eden space 4416K,   0% used [0x24230000, 0x24230000, 0x24680000)
  from space 512K,  59% used [0x24680000, 0x246cc6b0, 0x24700000)
  to   space 512K,   0% used [0x24700000, 0x24700000, 0x24780000)
 tenured generation   total 10944K, used 8739K [0x29780000, 0x2a230000, 0x34230000)
   the space 10944K,  79% used [0x29780000, 0x2a008e28, 0x2a009000, 0x2a230000)
 compacting perm gen  total 12288K, used 1298K [0x34230000, 0x34e30000, 0x38230000)
   the space 12288K,  10% used [0x34230000, 0x34374998, 0x34374a00, 0x34e30000)
    ro space 10240K,  44% used [0x38230000, 0x386a7e30, 0x386a8000, 0x38c30000)
    rw space 12288K,  52% used [0x38c30000, 0x3927eb58, 0x3927ec00, 0x39830000)
}
Event: 9.505 GC heap before
{Heap before GC invocations=4 (full 0):
 def new generation   total 4928K, used 4696K [0x24230000, 0x24780000, 0x29780000)
  eden space 4416K,  99% used [0x24230000, 0x24679c28, 0x24680000)
  from space 512K,  59% used [0x24680000, 0x246cc6b0, 0x24700000)
  to   space 512K,   0% used [0x24700000, 0x24700000, 0x24780000)
 tenured generation   total 10944K, used 8739K [0x29780000, 0x2a230000, 0x34230000)
   the space 10944K,  79% used [0x29780000, 0x2a008e28, 0x2a009000, 0x2a230000)
 compacting perm gen  total 12288K, used 2207K [0x34230000, 0x34e30000, 0x38230000)
   the space 12288K,  17% used [0x34230000, 0x34457f30, 0x34458000, 0x34e30000)
    ro space 10240K,  44% used [0x38230000, 0x386a7e30, 0x386a8000, 0x38c30000)
    rw space 12288K,  52% used [0x38c30000, 0x3927eb58, 0x3927ec00, 0x39830000)
Event: 9.508 GC heap after
Heap after GC invocations=5 (full 0):
 def new generation   total 4928K, used 512K [0x24230000, 0x24780000, 0x29780000)
  eden space 4416K,   0% used [0x24230000, 0x24230000, 0x24680000)
  from space 512K, 100% used [0x24700000, 0x24780000, 0x24780000)
  to   space 512K,   0% used [0x24680000, 0x24680000, 0x24700000)
 tenured generation   total 10944K, used 9349K [0x29780000, 0x2a230000, 0x34230000)
   the space 10944K,  85% used [0x29780000, 0x2a0a16f0, 0x2a0a1800, 0x2a230000)
 compacting perm gen  total 12288K, used 2207K [0x34230000, 0x34e30000, 0x38230000)
   the space 12288K,  17% used [0x34230000, 0x34457f30, 0x34458000, 0x34e30000)
    ro space 10240K,  44% used [0x38230000, 0x386a7e30, 0x386a8000, 0x38c30000)
    rw space 12288K,  52% used [0x38c30000, 0x3927eb58, 0x3927ec00, 0x39830000)
}
Event: 9.670 GC heap before
{Heap before GC invocations=5 (full 0):
 def new generation   total 4928K, used 4928K [0x24230000, 0x24780000, 0x29780000)
  eden space 4416K, 100% used [0x24230000, 0x24680000, 0x24680000)
  from space 512K, 100% used [0x24700000, 0x24780000, 0x24780000)
  to   space 512K,   0% used [0x24680000, 0x24680000, 0x24700000)
 tenured generation   total 10944K, used 9349K [0x29780000, 0x2a230000, 0x34230000)
   the space 10944K,  85% used [0x29780000, 0x2a0a16f0, 0x2a0a1800, 0x2a230000)
 compacting perm gen  total 12288K, used 2699K [0x34230000, 0x34e30000, 0x38230000)
   the space 12288K,  21% used [0x34230000, 0x344d2d00, 0x344d2e00, 0x34e30000)
    ro space 10240K,  44% used [0x38230000, 0x386a7e30, 0x386a8000, 0x38c30000)
    rw space 12288K,  52% used [0x38c30000, 0x3927eb58, 0x3927ec00, 0x39830000)
Event: 9.675 GC heap after
Heap after GC invocations=6 (full 0):
 def new generation   total 4928K, used 512K [0x24230000, 0x24780000, 0x29780000)
  eden space 4416K,   0% used [0x24230000, 0x24230000, 0x24680000)
  from space 512K, 100% used [0x24680000, 0x24700000, 0x24700000)
  to   space 512K,   0% used [0x24700000, 0x24700000, 0x24780000)
 tenured generation   total 10944K, used 10363K [0x29780000, 0x2a230000, 0x34230000)
   the space 10944K,  94% used [0x29780000, 0x2a19ee60, 0x2a19f000, 0x2a230000)
 compacting perm gen  total 12288K, used 2699K [0x34230000, 0x34e30000, 0x38230000)
   the space 12288K,  21% used [0x34230000, 0x344d2d00, 0x344d2e00, 0x34e30000)
    ro space 10240K,  44% used [0x38230000, 0x386a7e30, 0x386a8000, 0x38c30000)
    rw space 12288K,  52% used [0x38c30000, 0x3927eb58, 0x3927ec00, 0x39830000)
}
Event: 9.845 GC heap before
{Heap before GC invocations=6 (full 0):
 def new generation   total 4928K, used 4928K [0x24230000, 0x24780000, 0x29780000)
  eden space 4416K, 100% used [0x24230000, 0x24680000, 0x24680000)
  from space 512K, 100% used [0x24680000, 0x24700000, 0x24700000)
  to   space 512K,   0% used [0x24700000, 0x24700000, 0x24780000)
 tenured generation   total 10944K, used 10363K [0x29780000, 0x2a230000, 0x34230000)
   the space 10944K,  94% used [0x29780000, 0x2a19ee60, 0x2a19f000, 0x2a230000)
 compacting perm gen  total 12288K, used 3367K [0x34230000, 0x34e30000, 0x38230000)
   the space 12288K,  27% used [0x34230000, 0x34579de0, 0x34579e00, 0x34e30000)
    ro space 10240K,  44% used [0x38230000, 0x386a7e30, 0x386a8000, 0x38c30000)
    rw space 12288K,  52% used [0x38c30000, 0x3927eb58, 0x3927ec00, 0x39830000)
Event: 9.868 GC heap after
Heap after GC invocations=7 (full 1):
 def new generation   total 8576K, used 460K [0x24230000, 0x24b70000, 0x29780000)
  eden space 7680K,   5% used [0x24230000, 0x242a3210, 0x249b0000)
  from space 896K,   0% used [0x249b0000, 0x249b0000, 0x24a90000)
  to   space 896K,   0% used [0x24a90000, 0x24a90000, 0x24b70000)
 tenured generation   total 18880K, used 11327K [0x29780000, 0x2a9f0000, 0x34230000)
   the space 18880K,  59% used [0x29780000, 0x2a28fec0, 0x2a290000, 0x2a9f0000)
 compacting perm gen  total 12288K, used 3367K [0x34230000, 0x34e30000, 0x38230000)
   the space 12288K,  27% used [0x34230000, 0x34579de0, 0x34579e00, 0x34e30000)
    ro space 10240K,  44% used [0x38230000, 0x386a7e30, 0x386a8000, 0x38c30000)
    rw space 12288K,  52% used [0x38c30000, 0x3927eb58, 0x3927ec00, 0x39830000)
}

Deoptimization events (0 events):
No events

Internal exceptions (10 events):
Event: 9.942 Thread 0x0517d800 Threw 0x246ae0d0 at C:\re\jdk7u51\527\hotspot\src\share\vm\prims\jvm.cpp:1244
Event: 9.942 Thread 0x0517d800 Threw 0x246b8fb0 at C:\re\jdk7u51\527\hotspot\src\share\vm\prims\jvm.cpp:1244
Event: 9.942 Thread 0x0517d800 Threw 0x246bf0d8 at C:\re\jdk7u51\527\hotspot\src\share\vm\prims\jvm.cpp:1244
Event: 9.942 Thread 0x0517d800 Threw 0x246c60e0 at C:\re\jdk7u51\527\hotspot\src\share\vm\prims\jvm.cpp:1244
Event: 9.942 Thread 0x0517d800 Threw 0x246cc668 at C:\re\jdk7u51\527\hotspot\src\share\vm\prims\jvm.cpp:1244
Event: 9.942 Thread 0x0517d800 Threw 0x246d41f0 at C:\re\jdk7u51\527\hotspot\src\share\vm\prims\jvm.cpp:1244
Event: 9.943 Thread 0x0517d800 Threw 0x246da438 at C:\re\jdk7u51\527\hotspot\src\share\vm\prims\jvm.cpp:1244
Event: 9.943 Thread 0x0517d800 Threw 0x246e0320 at C:\re\jdk7u51\527\hotspot\src\share\vm\prims\jvm.cpp:1244
Event: 9.944 Thread 0x0517d800 Threw 0x246eae60 at C:\re\jdk7u51\527\hotspot\src\share\vm\prims\jvm.cpp:1244
Event: 9.944 Thread 0x0517d800 Threw 0x246f20b8 at C:\re\jdk7u51\527\hotspot\src\share\vm\prims\jvm.cpp:1244

Events (10 events):
Event: 9.944 loading class 0x051421a8
Event: 9.944 loading class 0x051421a8 done
Event: 9.945 loading class 0x399c4880
Event: 9.945 loading class 0x399c48c0
Event: 9.945 loading class 0x399c48c0 done
Event: 9.945 loading class 0x399c4880 done
Event: 9.945 loading class 0x39951198
Event: 9.945 loading class 0x39951198 done
Event: 9.946 loading class 0x399c41e8
Event: 9.946 loading class 0x399c41e8 done


Dynamic libraries:
0x01330000 - 0x0135f000 	C:\Program Files (x86)\Java\jdk1.7.0_51\bin\java.exe
0x77ab0000 - 0x77c30000 	C:\Windows\SysWOW64\ntdll.dll
0x77110000 - 0x77220000 	C:\Windows\syswow64\kernel32.dll
0x76750000 - 0x76796000 	C:\Windows\syswow64\KERNELBASE.dll
0x772e0000 - 0x77380000 	C:\Windows\syswow64\ADVAPI32.dll
0x76830000 - 0x768dc000 	C:\Windows\syswow64\msvcrt.dll
0x77400000 - 0x77419000 	C:\Windows\SysWOW64\sechost.dll
0x75680000 - 0x75770000 	C:\Windows\syswow64\RPCRT4.dll
0x75610000 - 0x75670000 	C:\Windows\syswow64\SspiCli.dll
0x75600000 - 0x7560c000 	C:\Windows\syswow64\CRYPTBASE.dll
0x76570000 - 0x76670000 	C:\Windows\syswow64\USER32.dll
0x767a0000 - 0x76830000 	C:\Windows\syswow64\GDI32.dll
0x76d00000 - 0x76d0a000 	C:\Windows\syswow64\LPK.dll
0x77420000 - 0x774bd000 	C:\Windows\syswow64\USP10.dll
0x723c0000 - 0x7255e000 	C:\Windows\WinSxS\x86_microsoft.windows.common-controls_6595b64144ccf1df_6.0.7601.17514_none_41e6975e2bd6f2b2\COMCTL32.dll
0x768e0000 - 0x76937000 	C:\Windows\syswow64\SHLWAPI.dll
0x76a80000 - 0x76ae0000 	C:\Windows\system32\IMM32.DLL
0x76670000 - 0x7673c000 	C:\Windows\syswow64\MSCTF.dll
0x727d0000 - 0x727fa000 	C:\Windows\SysWOW64\nvinit.dll
0x727c0000 - 0x727c9000 	C:\Windows\system32\VERSION.dll
0x71230000 - 0x71236000 	C:\Program Files (x86)\NVIDIA Corporation\CoProcManager\detoured.dll
0x70920000 - 0x7094a000 	C:\Program Files (x86)\NVIDIA Corporation\CoProcManager\nvd3d9wrap.dll
0x76d50000 - 0x76eed000 	C:\Windows\syswow64\SETUPAPI.dll
0x75770000 - 0x75797000 	C:\Windows\syswow64\CFGMGR32.dll
0x77620000 - 0x776af000 	C:\Windows\syswow64\OLEAUT32.dll
0x774c0000 - 0x7761c000 	C:\Windows\syswow64\ole32.dll
0x76ce0000 - 0x76cf2000 	C:\Windows\syswow64\DEVOBJ.dll
0x70900000 - 0x7091e000 	C:\Program Files (x86)\NVIDIA Corporation\CoProcManager\nvdxgiwrap.dll
0x6bce0000 - 0x6bd9f000 	C:\Program Files (x86)\Java\jdk1.7.0_51\jre\bin\msvcr100.dll
0x68bc0000 - 0x68f40000 	C:\Program Files (x86)\Java\jdk1.7.0_51\jre\bin\client\jvm.dll
0x6ed20000 - 0x6ed27000 	C:\Windows\system32\WSOCK32.dll
0x76530000 - 0x76565000 	C:\Windows\syswow64\WS2_32.dll
0x76740000 - 0x76746000 	C:\Windows\syswow64\NSI.dll
0x6b9d0000 - 0x6ba02000 	C:\Windows\system32\WINMM.dll
0x75670000 - 0x75675000 	C:\Windows\syswow64\PSAPI.DLL
0x6ec30000 - 0x6ec3c000 	C:\Program Files (x86)\Java\jdk1.7.0_51\jre\bin\verify.dll
0x6ec10000 - 0x6ec30000 	C:\Program Files (x86)\Java\jdk1.7.0_51\jre\bin\java.dll
0x6ebf0000 - 0x6ec03000 	C:\Program Files (x86)\Java\jdk1.7.0_51\jre\bin\zip.dll
0x6bb70000 - 0x6bcb3000 	C:\Program Files (x86)\Java\jdk1.7.0_51\jre\bin\awt.dll
0x70880000 - 0x70900000 	C:\Windows\system32\uxtheme.dll
0x6fa60000 - 0x6fa73000 	C:\Windows\system32\dwmapi.dll
0x757a0000 - 0x763ea000 	C:\Windows\syswow64\SHELL32.dll
0x6bb30000 - 0x6bb69000 	C:\Program Files (x86)\Java\jdk1.7.0_51\jre\bin\fontmanager.dll
0x6bcc0000 - 0x6bcd4000 	C:\Program Files (x86)\Java\jdk1.7.0_51\jre\bin\net.dll
0x6efe0000 - 0x6f01c000 	C:\Windows\system32\mswsock.dll
0x6efc0000 - 0x6efc6000 	C:\Windows\System32\wship6.dll
0x6eb70000 - 0x6eb7f000 	C:\Program Files (x86)\Java\jdk1.7.0_51\jre\bin\nio.dll
0x76450000 - 0x764d3000 	C:\Windows\syswow64\CLBCatQ.DLL
0x6e480000 - 0x6e57b000 	C:\Windows\system32\WindowsCodecs.dll
0x709a0000 - 0x709ec000 	C:\Windows\system32\apphelp.dll
0x6e400000 - 0x6e431000 	C:\Windows\system32\EhStorShell.dll
0x6e300000 - 0x6e3f5000 	C:\Windows\system32\PROPSYS.dll
0x6dae0000 - 0x6deeb000 	C:\PROGRA~2\MICROS~1\Office14\GROOVEEX.DLL
0x72930000 - 0x729d3000 	C:\Windows\WinSxS\x86_microsoft.vc90.crt_1fc8b3b9a1e18e3b_9.0.30729.6161_none_50934f2ebcb7eb57\MSVCR90.dll
0x6e270000 - 0x6e2fe000 	C:\Windows\WinSxS\x86_microsoft.vc90.crt_1fc8b3b9a1e18e3b_9.0.30729.6161_none_50934f2ebcb7eb57\MSVCP90.dll
0x6e440000 - 0x6e46b000 	C:\Windows\WinSxS\x86_microsoft.vc90.atl_1fc8b3b9a1e18e3b_9.0.30729.6161_none_51cd0a7abbe4e19b\ATL90.DLL
0x73d70000 - 0x7417f000 	C:\PROGRA~2\COMMON~1\MICROS~1\OFFICE14\Cultures\office.odf
0x73500000 - 0x73d64000 	C:\PROGRA~2\MICROS~1\Office14\1033\GrooveIntlResource.dll
0x73420000 - 0x73490000 	C:\Windows\system32\ntshrui.dll
0x72a00000 - 0x72a19000 	C:\Windows\system32\srvcli.dll
0x734f0000 - 0x734fb000 	C:\Windows\system32\cscapi.dll
0x734e0000 - 0x734ea000 	C:\Windows\system32\slc.dll
0x6bb00000 - 0x6bb30000 	C:\Program Files (x86)\Java\jdk1.7.0_51\jre\bin\t2k.dll
0x6efd0000 - 0x6efd5000 	C:\Windows\System32\wshtcpip.dll
0x6e880000 - 0x6e8c4000 	C:\Windows\system32\DNSAPI.dll
0x6e8e0000 - 0x6e8fc000 	C:\Windows\system32\IPHLPAPI.DLL
0x6e8d0000 - 0x6e8d7000 	C:\Windows\system32\WINNSI.DLL
0x734c0000 - 0x734c6000 	C:\Windows\system32\rasadhlp.dll
0x733e0000 - 0x73418000 	C:\Windows\System32\fwpuclnt.dll
0x73100000 - 0x731eb000 	C:\Windows\system32\dbghelp.dll

VM Arguments:
jvm_args: -Dfile.encoding=UTF-8 
java_command: views.LOGIN
Launcher Type: SUN_STANDARD

Environment Variables:
PATH=C:\Windows\system32;C:\Windows;C:\Windows\System32\Wbem;C:\Windows\System32\WindowsPowerShell\v1.0\
USERNAME=SPM
OS=Windows_NT
PROCESSOR_IDENTIFIER=Intel64 Family 6 Model 61 Stepping 4, GenuineIntel



---------------  S Y S T E M  ---------------

OS: Windows 7 , 64 bit Build 7601 Service Pack 1

CPU:total 4 (2 cores per cpu, 2 threads per core) family 6 model 61 stepping 4, cmov, cx8, fxsr, mmx, sse, sse2, sse3, ssse3, sse4.1, sse4.2, popcnt, avx, avx2, aes, erms, ht, tsc, tscinvbit

Memory: 4k page, physical 4112820k(1318768k free), swap 8223796k(4749368k free)

vm_info: Java HotSpot(TM) Client VM (24.51-b03) for windows-x86 JRE (1.7.0_51-b13), built on Dec 18 2013 19:09:58 by "java_re" with unknown MS VC++:1600

time: Tue Feb 05 16:38:04 2019
elapsed time: 9 seconds

